0 info it worked if it ends with ok
1 verbose cli [ '/usr/local/Cellar/node@6/6.9.4/bin/node',
1 verbose cli   '/usr/local/bin/npm',
1 verbose cli   'start' ]
2 info using npm@3.10.10
3 info using node@v6.9.4
4 verbose run-script [ 'prestart', 'start', 'poststart' ]
5 info lifecycle gcharts@0.0.1~prestart: gcharts@0.0.1
6 verbose lifecycle gcharts@0.0.1~prestart: unsafe-perm in lifecycle true
7 verbose lifecycle gcharts@0.0.1~prestart: PATH: /usr/local/lib/node_modules/npm/bin/node-gyp-bin:/Users/jinsol/Development/code/Projects/GCharts/node_modules/.bin:/usr/local/Cellar/node@6/6.9.4/bin:/Users/jinsol/.rvm/gems/ruby-2.2.3/bin:/Users/jinsol/.rvm/gems/ruby-2.2.3@global/bin:/Users/jinsol/.rvm/rubies/ruby-2.2.3/bin:/Applications/Postgres.app/Contents/Versions/latest/bin:/usr/local:/usr/local/bin:/usr/local/sbin:/usr/bin:/usr/local/bin:/usr/bin:/bin:/usr/sbin:/sbin:/Users/jinsol/.rvm/bin
8 verbose lifecycle gcharts@0.0.1~prestart: CWD: /Users/jinsol/Development/code/Projects/GCharts
9 silly lifecycle gcharts@0.0.1~prestart: Args: [ '-c', 'babel-node server/startMessage' ]
10 silly lifecycle gcharts@0.0.1~prestart: Returned: code: 0  signal: null
11 info lifecycle gcharts@0.0.1~start: gcharts@0.0.1
12 verbose lifecycle gcharts@0.0.1~start: unsafe-perm in lifecycle true
13 verbose lifecycle gcharts@0.0.1~start: PATH: /usr/local/lib/node_modules/npm/bin/node-gyp-bin:/Users/jinsol/Development/code/Projects/GCharts/node_modules/.bin:/usr/local/Cellar/node@6/6.9.4/bin:/Users/jinsol/.rvm/gems/ruby-2.2.3/bin:/Users/jinsol/.rvm/gems/ruby-2.2.3@global/bin:/Users/jinsol/.rvm/rubies/ruby-2.2.3/bin:/Applications/Postgres.app/Contents/Versions/latest/bin:/usr/local:/usr/local/bin:/usr/local/sbin:/usr/bin:/usr/local/bin:/usr/bin:/bin:/usr/sbin:/sbin:/Users/jinsol/.rvm/bin
14 verbose lifecycle gcharts@0.0.1~start: CWD: /Users/jinsol/Development/code/Projects/GCharts
15 silly lifecycle gcharts@0.0.1~start: Args: [ '-c', 'npm-run-all --parallel open:src lint:watch' ]
16 silly lifecycle gcharts@0.0.1~start: Returned: code: 1  signal: null
17 info lifecycle gcharts@0.0.1~start: Failed to exec start script
18 verbose stack Error: gcharts@0.0.1 start: `npm-run-all --parallel open:src lint:watch`
18 verbose stack Exit status 1
18 verbose stack     at EventEmitter.<anonymous> (/usr/local/lib/node_modules/npm/lib/utils/lifecycle.js:255:16)
18 verbose stack     at emitTwo (events.js:106:13)
18 verbose stack     at EventEmitter.emit (events.js:191:7)
18 verbose stack     at ChildProcess.<anonymous> (/usr/local/lib/node_modules/npm/lib/utils/spawn.js:40:14)
18 verbose stack     at emitTwo (events.js:106:13)
18 verbose stack     at ChildProcess.emit (events.js:191:7)
18 verbose stack     at maybeClose (internal/child_process.js:877:16)
18 verbose stack     at Process.ChildProcess._handle.onexit (internal/child_process.js:226:5)
19 verbose pkgid gcharts@0.0.1
20 verbose cwd /Users/jinsol/Development/code/Projects/GCharts
21 error Darwin 15.4.0
22 error argv "/usr/local/Cellar/node@6/6.9.4/bin/node" "/usr/local/bin/npm" "start"
23 error node v6.9.4
24 error npm  v3.10.10
25 error code ELIFECYCLE
26 error gcharts@0.0.1 start: `npm-run-all --parallel open:src lint:watch`
26 error Exit status 1
27 error Failed at the gcharts@0.0.1 start script 'npm-run-all --parallel open:src lint:watch'.
27 error Make sure you have the latest version of node.js and npm installed.
27 error If you do, this is most likely a problem with the gcharts package,
27 error not with npm itself.
27 error Tell the author that this fails on your system:
27 error     npm-run-all --parallel open:src lint:watch
27 error You can get information on how to open an issue for this project with:
27 error     npm bugs gcharts
27 error Or if that isn't available, you can get their info via:
27 error     npm owner ls gcharts
27 error There is likely additional logging output above.
28 verbose exit [ 1, true ]
